<?xml version="1.0" encoding="UTF-8"?>
<!-- Generated by org.testng.reporters.JUnitReportReporter -->
<testsuite skipped="0" hostname="admin" name="com.CreateOrg" tests="2" failures="0" timestamp="11 Mar 2021 10:37:30 GMT" time="0.079" errors="0">
  <testcase name="CreateOrgWithMobNO" time="0.016" classname="com.CreateOrg"/>
  <testcase name="CreateOrg" time="0.063" classname="com.CreateOrg"/>
</testsuite> <!-- com.CreateOrg -->
