<?xml version="1.0" encoding="UTF-8"?>
<!-- Generated by org.testng.reporters.JUnitReportReporter -->
<testsuite skipped="0" hostname="admin" name="com.Rosovo.Org.CreateOrg" tests="2" failures="0" timestamp="11 Mar 2021 10:47:09 GMT" time="0.062" errors="0">
  <testcase name="CreateOrgWithMobNO" time="0.016" classname="com.Rosovo.Org.CreateOrg"/>
  <testcase name="CreateOrg1" time="0.046" classname="com.Rosovo.Org.CreateOrg"/>
</testsuite> <!-- com.Rosovo.Org.CreateOrg -->
